[Info] Opening project file
[Info] Running compilation ...

===================================== Compiler Message Begins =====================================
cuplx
time: 0 secs
cupla
time: 0 secs
cuplb
time: 0 secs
cuplm
time: 0 secs
cuplc
time: 0 secs
total time: 0 secs
Normal exit
Error Code = 0

====================================== Compiler Message Ends ======================================
[Info] Design compiled successfully
[Info] Running compilation ...

===================================== Compiler Message Begins =====================================
cuplx
time: 0 secs
cupla
time: 0 secs
cuplb
[0014cb] invalid input:  IMS_OutputInt
[0014cb] invalid input:  Couldn't get first exception for process 019c C:\WinCUPL\Shared\cupl.exe (WOW64).
No backtrace available
Modules:
Module  Address                 Debug info      Name (54 modules)
PE        400000-  42a000       Deferred        cupl
PE        fa0000-  fc9000       Deferred        cuplx
PE       13d0000- 13f8000       Deferred        cupla
PE       1800000- 1825000       Deferred        cuplb
PE       1c30000- 1c53000       Deferred        cuplm
PE       2060000- 20a3000       Deferred        cuplc
PE       24b0000- 24e3000       Deferred        csima
PE       28f0000- 2922000       Deferred        vsima
PE       2d30000- 2d47000       Deferred        csimk
PE       3250000- 326b000       Deferred        cuplk
ELF     5839e000-583a3000       Deferred        <wine-loader>
PE-Wine 77b30000-77bd5000       Deferred        uxtheme
PE-Wine 77bf0000-77c3c000       Deferred        winex11
PE-Wine 795a0000-79603000       Deferred        imm32
PE-Wine 7a000000-7a037000       Deferred        win32u
PE-Wine 7a050000-7a290000       Deferred        gdi32
PE-Wine 7a2a0000-7a767000       Deferred        user32
PE-Wine 7a780000-7a7aa000       Deferred        zlib1
PE-Wine 7adb0000-7ae3b000       Deferred        sechost
PE-Wine 7ae50000-7b0e9000       Deferred        msvcrt
PE-Wine 7b100000-7b1ec000       Deferred        advapi32
PE-Wine 7b290000-7b59f000       Deferred        ucrtbase
PE-Wine 7b650000-7bb7b000       Deferred        kernelbase
PE-Wine 7bb90000-7bcf7000       Deferred        kernel32
PE-Wine 7bd10000-7bfee000       Deferred        ntdll
ELF     7f194000-7f19c000       Deferred        libxfixes.so.3
ELF     7f19c000-7f1a9000       Deferred        libxcursor.so.1
ELF     7f1a9000-7f1be000       Deferred        libxi.so.6
ELF     7f1be000-7f1c3000       Deferred        libxcomposite.so.1
ELF     7f1c3000-7f1d2000       Deferred        libxrandr.so.2
ELF     7f1d2000-7f1e0000       Deferred        libxrender.so.1
ELF     7f1e0000-7f1e8000       Deferred        libxxf86vm.so.1
ELF     7f1e8000-7f1ed000       Deferred        libxinerama.so.1
ELF     7f1ed000-7f1ff000       Deferred        libmd.so.0
ELF     7f1ff000-7f215000       Deferred        libbsd.so.0
ELF     7f215000-7f21c000       Deferred        libxdmcp.so.6
ELF     7f21c000-7f221000       Deferred        libxau.so.6
ELF     7f221000-7f24f000       Deferred        libxcb.so.1
ELF     7f24f000-7f3a1000       Deferred        libx11.so.6
ELF     7f3a1000-7f3b7000       Deferred        libxext.so.6
ELF     7f3e9000-7f473000       Deferred        winex11.so
ELF     7f6b9000-7f6e5000       Deferred        libexpat.so.1
ELF     7f6e5000-7f739000       Deferred        libfontconfig.so.1
ELF     7f739000-7f75c000       Deferred        libbrotlicommon.so.1
ELF     7f75c000-7f76a000       Deferred        libbrotlidec.so.1
ELF     7f76a000-7f7a7000       Deferred        libpng16.so.16
ELF     7f7a7000-7f7b9000       Deferred        libbz2.so.1.0
ELF     7f7b9000-7f7d5000       Deferred        libz.so.1
ELF     7f7d5000-7f8a9000       Deferred        libfreetype.so.6
ELF     7f8a9000-7f9b3000       Deferred        libm.so.6
ELF     7f9e5000-7fb68000       Deferred        win32u.so
ELF     ec6eb000-ec7a0000       Export          ntdll.so
ELF     ec7a0000-ec9dc000       Deferred        libc.so.6
ELF     eca16000-eca4b000       Deferred        ld-linux.so.2
Threads:
process  tid      prio    name (all IDs are in hex)
00000038 services.exe
	0000003c    0     
	00000040    0     wine_rpcrt4_server
	00000074    0     wine_rpcrt4_io
	000000a4    0     wine_rpcrt4_io
	000000d0    0     wine_rpcrt4_io
	000000f0    0     wine_rpcrt4_io
	00000118    0     wine_rpcrt4_io
	00000130    0     
	00000148    0     wine_rpcrt4_io
0000004c explorer.exe
	00000050    0     
	00000134    0     
	00000138    0     wine_rpcrt4_server
0000006c mDNSResponder.exe
	00000070    0     
	00000078    0     
	0000007c    0     wine_sechost_service
0000009c svchost.exe
	000000a0    0     
	000000a8    0     
	000000ac    0     wine_sechost_service
000000c8 winedevice.exe
	000000cc    0     
	000000d4    0     
	000000d8    0     wine_sechost_service
	000000dc    0     
	000000e0    0     
	000000e4    0     
	00000128    0     
	0000012c    0     
000000e8 winedevice.exe
	000000ec    0     
	000000f4    0     
	000000f8    0     wine_sechost_service
	000000fc    0     
	00000100    0     
	00000104    0     
	00000108    0     
	0000010c    0     
00000110 plugplay.exe
	00000114    0     
	0000011c    0     
	00000120    0     wine_sechost_service
	00000124    0     wine_rpcrt4_server
00000140 rpcss.exe
	00000144    0     
	0000014c    0     
	00000150    0     wine_sechost_service
	00000154    0     wine_rpcrt4_server
	00000158    0     wine_rpcrt4_server
	0000015c    0     wine_rpcrt4_io
00000164 WinCUPL.exe
	00000168    0     
	0000016c    0     SGen worker
	00000170    0     Finalizer
	00000174    0     wine_rpcrt4_server
	000001a4    0     
	000001a8    0     Thread Pool Worker
	000001ac    0     Thread Pool Worker
0000019c (D) C:\WinCUPL\Shared\cupl.exe
	000001a0    0 <== 
000001b0 conhost.exe
	000001b4    0     
System information:
    Wine build: wine-9.0 (Ubuntu 9.0~repack-4build3)
    Platform: x86_64 (guest: i386)
    Version: Windows 10
    Host system: Linux
    Host version: 6.14.0-37-generic

====================================== Compiler Message Ends ======================================
[Error #1066] Compilation failed
[Info] Running compilation ...

===================================== Compiler Message Begins =====================================
cuplx
time: 0 secs
cupla
time: 0 secs
cuplb
[0014cb] pin/node 12 invalid input:  PIRQ
time: 0 secs
Total time: 0 secs
Fatal CUPL errors encountered ... program aborted!
Normal exit
Error Code = 1

====================================== Compiler Message Ends ======================================
[Error #1066] Compilation failed
[Info] Running compilation ...

===================================== Compiler Message Begins =====================================
cuplx
time: 0 secs
cupla
time: 0 secs
cuplb
time: 0 secs
cuplm
time: 0 secs
cuplc
time: 0 secs
total time: 0 secs
Normal exit
Error Code = 0

====================================== Compiler Message Ends ======================================
[Info] Design compiled successfully
[Info] Running compilation ...

===================================== Compiler Message Begins =====================================
cuplx
time: 0 secs
cupla
time: 0 secs
cuplb
time: 0 secs
cuplm
time: 0 secs
cuplc
time: 0 secs
total time: 0 secs
Normal exit
Error Code = 0

====================================== Compiler Message Ends ======================================
[Info] Design compiled successfully
[Info] Project file saved ... exiting application
